<?xml version="1.0" encoding="UTF-8"?>
<!-- Generated by org.testng.reporters.JUnitReportReporter -->
<testsuite hostname="IBM-PF32P2P0" failures="0" tests="3" name="sampleFile.TestNG_Priority" time="0.009" errors="0" timestamp="2025-03-13T17:17:41 IST" skipped="0">
  <testcase classname="sampleFile.TestNG_Priority" name="createUser" time="0.007"/>
  <testcase classname="sampleFile.TestNG_Priority" name="modifyUser" time="0.001"/>
  <testcase classname="sampleFile.TestNG_Priority" name="deleteUser" time="0.001"/>
</testsuite> <!-- sampleFile.TestNG_Priority -->
