<?xml version="1.0" encoding="UTF-8"?>
<!-- Generated by org.testng.reporters.JUnitReportReporter -->
<testsuite hostname="IBM-PF32P2P0" failures="0" tests="1" name="testCaseRepo.TC_006" time="11.570" errors="0" timestamp="2025-03-22T09:02:36 IST" skipped="0">
  <testcase classname="testCaseRepo.TC_006" name="Con_003" time="11.570">
    <system-out>
      <![CDATA[Con_003 On Test Start executed
Con_003 On Test Success Executed]]>
    </system-out>
  </testcase> <!-- Con_003 -->
  <system-out>
    <![CDATA[LE_003 On Test Start executed
LE_003 On Test Success Executed
LE_002 On Test Start executed
LE_002 On Test Success Executed
LE_001 On Test Start executed
LE_001 On Test Failure executed
Con_003 On Test Start executed
Con_003 On Test Success Executed
Con_002 On Test Start executed
Con_002 On Test Success Executed
Con_001 On Test Start executed
Con_001 On Test Success Executed]]>
  </system-out>
</testsuite> <!-- testCaseRepo.TC_006 -->
