<?xml version="1.0" encoding="UTF-8"?>
<!-- Generated by org.testng.reporters.JUnitReportReporter -->
<testsuite hostname="IBM-PF32P2P0" failures="0" tests="1" name="testCaseRepo.TC001" time="68.552" errors="0" timestamp="2025-03-17T10:01:55 IST" skipped="0">
  <testcase classname="testCaseRepo.TC001" name="LE_001" time="68.552"/>
</testsuite> <!-- testCaseRepo.TC001 -->
