<?xml version="1.0" encoding="UTF-8"?>
<!-- Generated by org.testng.reporters.JUnitReportReporter -->
<testsuite hostname="IBM-PF32P2P0" failures="0" tests="3" name="sampleFile.TestNGPractice" time="0.014" errors="0" timestamp="2025-03-14T10:34:21 IST" skipped="1">
  <testcase classname="sampleFile.TestNGPractice" name="modifyUser" time="0.003"/>
  <testcase classname="sampleFile.TestNGPractice" name="deleteUser" time="0.011"/>
  <testcase classname="sampleFile.TestNGPractice" name="createUser">
    <skipped/>
  </testcase> <!-- createUser -->
</testsuite> <!-- sampleFile.TestNGPractice -->
