<?xml version="1.0" encoding="UTF-8"?>
<!-- Generated by org.testng.reporters.JUnitReportReporter -->
<testsuite hostname="IBM-PF32P2P0" failures="0" tests="2" name="sampleFile.DataProviderPractice" time="19.014" errors="0" timestamp="2025-03-24T09:17:59 IST" skipped="0">
  <testcase classname="sampleFile.DataProviderPractice" name="practice" time="8.763"/>
  <testcase classname="sampleFile.DataProviderPractice" name="practice" time="10.251"/>
</testsuite> <!-- sampleFile.DataProviderPractice -->
