<?xml version="1.0" encoding="UTF-8"?>
<!-- Generated by org.testng.reporters.JUnitReportReporter -->
<testsuite hostname="IBM-PF32P2P0" failures="0" tests="1" name="testCaseRepo.TC_002" time="52.509" errors="0" timestamp="2025-03-22T10:37:59 IST" skipped="0">
  <testcase classname="testCaseRepo.TC_002" name="LE_002" time="52.509">
    <system-out>
      <![CDATA[LE_002 On Test Start executed
LE_002 On Test Success Executed]]>
    </system-out>
  </testcase> <!-- LE_002 -->
  <system-out>
    <![CDATA[LE_002 On Test Start executed
LE_003 On Test Start executed
LE_002 On Test Success Executed
LE_003 On Test Success Executed]]>
  </system-out>
</testsuite> <!-- testCaseRepo.TC_002 -->
