<?xml version="1.0" encoding="UTF-8"?>
<!-- Generated by org.testng.reporters.JUnitReportReporter -->
<testsuite hostname="IBM-PF32P2P0" failures="0" tests="1" name="testCaseRepo.Test_TC_001" time="25.775" errors="0" timestamp="2025-03-26T10:18:36 IST" skipped="0">
  <testcase classname="testCaseRepo.Test_TC_001" name="LE_001" time="25.775">
    <system-out>
      <![CDATA[LE_001 On Test Start executed
LE_001 On Test Success Executed]]>
    </system-out>
  </testcase> <!-- LE_001 -->
  <system-out>
    <![CDATA[LE_001 On Test Start executed
LE_001 On Test Success Executed]]>
  </system-out>
</testsuite> <!-- testCaseRepo.Test_TC_001 -->
