<?xml version="1.0" encoding="UTF-8"?>
<!-- Generated by org.testng.reporters.JUnitReportReporter -->
<testsuite hostname="IBM-PF32P2P0" failures="0" tests="1" name="testCaseRepo.TC_005" time="25.620" errors="0" timestamp="2025-03-26T09:28:40 IST" skipped="0">
  <testcase classname="testCaseRepo.TC_005" name="Con_002" time="25.620">
    <system-out>
      <![CDATA[Con_002 On Test Start executed
Con_002 On Test Success Executed]]>
    </system-out>
  </testcase> <!-- Con_002 -->
  <system-out>
    <![CDATA[LE_003 On Test Start executed
LE_003 On Test Success Executed
LE_002 On Test Start executed
LE_002 On Test Success Executed
LE_001 On Test Start executed
LE_001 On Test Success Executed
Con_003 On Test Start executed
Con_003 On Test Success Executed
Con_002 On Test Start executed
Con_002 On Test Success Executed
Con_001 On Test Start executed
Con_001 On Test Success Executed]]>
  </system-out>
</testsuite> <!-- testCaseRepo.TC_005 -->
