<?xml version="1.0" encoding="UTF-8"?>
<!-- Generated by org.testng.reporters.JUnitReportReporter -->
<testsuite hostname="IBM-PF32P2P0" failures="0" tests="1" name="testCaseRepo.TC_004" time="27.006" errors="0" timestamp="2025-03-26T10:21:44 IST" skipped="0">
  <testcase classname="testCaseRepo.TC_004" name="Con_001" time="27.006"/>
</testsuite> <!-- testCaseRepo.TC_004 -->
