<?xml version="1.0" encoding="UTF-8"?>
<!-- Generated by org.testng.reporters.JUnitReportReporter -->
<testsuite hostname="IBM-PF32P2P0" failures="0" tests="1" name="testCaseRepo.TC_003" time="92.456" errors="0" timestamp="2025-03-26T10:08:51 IST" skipped="0">
  <testcase classname="testCaseRepo.TC_003" name="LE_003" time="92.456">
    <system-out>
      <![CDATA[LE_003 On Test Start executed
LE_003 On Test Success Executed]]>
    </system-out>
  </testcase> <!-- LE_003 -->
  <system-out>
    <![CDATA[LE_002 On Test Start executed
LE_003 On Test Start executed
LE_003 On Test Success Executed
LE_002 On Test Success Executed]]>
  </system-out>
</testsuite> <!-- testCaseRepo.TC_003 -->
