<?xml version="1.0" encoding="UTF-8"?>
<!-- Generated by org.testng.reporters.JUnitReportReporter -->
<testsuite hostname="IBM-PF32P2P0" failures="0" tests="3" name="sampleFile.TestNGPractice" time="0.016" errors="0" timestamp="2025-03-25T10:22:16 IST" skipped="1">
  <testcase classname="sampleFile.TestNGPractice" name="modifyUser" time="0.000">
    <system-out>
      <![CDATA[modifyUser On Test Start executed
modifyUser On Test Success Executed]]>
    </system-out>
  </testcase> <!-- modifyUser -->
  <testcase classname="sampleFile.TestNGPractice" name="deleteUser" time="0.016">
    <system-out>
      <![CDATA[deleteUser On Test Start executed
deleteUser On Test Success Executed]]>
    </system-out>
  </testcase> <!-- deleteUser -->
  <testcase classname="sampleFile.TestNGPractice" name="createUser">
    <skipped/>
  </testcase> <!-- createUser -->
  <system-out>
    <![CDATA[deleteUser On Test Start executed
deleteUser On Test Success Executed
modifyUser On Test Start executed
modifyUser On Test Success Executed
LE_001 On Test Start executed
LE_001 On Test Failure executed]]>
  </system-out>
</testsuite> <!-- sampleFile.TestNGPractice -->
